<?xml version="1.0"?>
<!DOCTYPE coverage SYSTEM "http://cobertura.sourceforge.net/xml/coverage-04.dtd">

<coverage line-rate="0.0" branch-rate="1.0" lines-covered="0" lines-valid="3" branches-covered="0" branches-valid="0" complexity="1.0" version="2.0.3" timestamp="1530150753220">
	<sources>
		<source>C:/work_folder/Personal/MAVEN/etikela/src/main/java</source>
		<source>--source</source>
		<source>C:/work_folder/Personal/MAVEN/etikela/target/generated-sources/annotations</source>
	</sources>
	<packages>
		<package name="julyraj1" line-rate="0.0" branch-rate="1.0" complexity="1.0">
			<classes>
				<class name="julyraj1.App" filename="julyraj1/App.java" line-rate="0.0" branch-rate="1.0" complexity="1.0">
					<methods>
						<method name="&lt;init&gt;" signature="()V" line-rate="0.0" branch-rate="1.0">
							<lines>
								<line number="7" hits="0" branch="false"/>
							</lines>
						</method>
						<method name="main" signature="([Ljava/lang/String;)V" line-rate="0.0" branch-rate="1.0">
							<lines>
								<line number="11" hits="0" branch="false"/>
								<line number="12" hits="0" branch="false"/>
							</lines>
						</method>
					</methods>
					<lines>
						<line number="7" hits="0" branch="false"/>
						<line number="11" hits="0" branch="false"/>
						<line number="12" hits="0" branch="false"/>
					</lines>
				</class>
			</classes>
		</package>
	</packages>
</coverage>
